<?xml version="1.0" encoding="UTF-8"?>
<!-- Generated by org.testng.reporters.JUnitReportReporter -->
<testsuite hostname="FAM006662" failures="0" tests="6" name="userRequestTest" time="9.066" errors="0" timestamp="16 Oct 2024 15:19:59 GMT" skipped="0">
  <testcase classname="userRequestTest" name="createUser" time="1.406"/>
  <testcase classname="userRequestTest" name="getUser" time="1.593"/>
  <testcase classname="userRequestTest" name="updateUser" time="1.436"/>
  <testcase classname="userRequestTest" name="loginUser" time="1.542"/>
  <testcase classname="userRequestTest" name="deleteUser" time="1.543"/>
  <testcase classname="userRequestTest" name="logoutUser" time="1.546"/>
</testsuite> <!-- userRequestTest -->
